<?xml version="1.0" encoding="UTF-8"?>
<!-- Generated by org.testng.reporters.JUnitReportReporter -->
<testsuite hostname="LAPTOP-9R1F4ITO" failures="0" tests="1" name="Tests.GetTemperature" time="14.597" errors="0" timestamp="2022-10-20T12:21:21 IST" skipped="0">
  <testcase classname="Tests.GetTemperature" name="gettemp" time="14.597"/>
  <system-out/>
</testsuite> <!-- Tests.GetTemperature -->
