<?xml version="1.0" encoding="UTF-8"?>
<!-- Generated by org.testng.reporters.JUnitReportReporter -->
<testsuite hostname="LAPTOP-9R1F4ITO" failures="0" tests="1" name="Trial" time="0.005" errors="0" timestamp="2022-10-19T18:16:05 IST" skipped="0">
  <testcase classname="Trial" name="test" time="0.005"/>
  <system-out/>
</testsuite> <!-- Trial -->
