<?xml version="1.0" encoding="UTF-8"?>
<!-- Generated by org.testng.reporters.JUnitReportReporter -->
<testsuite hostname="LAPTOP-9R1F4ITO" failures="0" tests="1" name="Tests.trial" time="0.010" errors="0" timestamp="2022-10-19T23:43:48 IST" skipped="0">
  <testcase classname="Tests.trial" name="add" time="0.010"/>
  <system-out/>
</testsuite> <!-- Tests.trial -->
